# JRE version: Java(TM) SE Runtime Environment (8.0_25-b18) (build 1.8.0_25-b18)
# Java VM: Java HotSpot(TM) Client VM (25.25-b02 mixed mode, sharing windows-x86 )
Heap:
 def new generation   total 7872K, used 5221K [0x03a00000, 0x04280000, 0x08f50000)
  eden space 7040K,  69% used [0x03a00000, 0x03ec9c20, 0x040e0000)
  from space 832K,  38% used [0x041b0000, 0x041ffa90, 0x04280000)
  to   space 832K,   0% used [0x040e0000, 0x040e0000, 0x041b0000)
 tenured generation   total 17324K, used 10899K [0x08f50000, 0x0a03b000, 0x13a00000)
   the space 17324K,  62% used [0x08f50000, 0x099f4e70, 0x099f5000, 0x0a03b000)
 Metaspace       used 10697K, capacity 11192K, committed 11264K, reserved 11648K
GC Heap History (10 events):
Event: 24.104 GC heap before
{Heap before GC invocations=15 (full 1):
 def new generation   total 7872K, used 7334K [0x03a00000, 0x04280000, 0x08f50000)
  eden space 7040K, 100% used [0x03a00000, 0x040e0000, 0x040e0000)
  from space 832K,  35% used [0x040e0000, 0x04129bb8, 0x041b0000)
  to   space 832K,   0% used [0x041b0000, 0x041b0000, 0x04280000)
 tenured generation   total 17324K, used 10899K [0x08f50000, 0x0a03b000, 0x13a00000)
   the space 17324K,  62% used [0x08f50000, 0x099f4e70, 0x099f5000, 0x0a03b000)
 Metaspace       used 10497K, capacity 10965K, committed 11008K, reserved 11648K
Event: 24.111 GC heap after
Heap after GC invocations=16 (full 1):
 def new generation   total 7872K, used 263K [0x03a00000, 0x04280000, 0x08f50000)
  eden space 7040K,   0% used [0x03a00000, 0x03a00000, 0x040e0000)
  from space 832K,  31% used [0x041b0000, 0x041f1e80, 0x04280000)
  to   space 832K,   0% used [0x040e0000, 0x040e0000, 0x041b0000)
 tenured generation   total 17324K, used 10899K [0x08f50000, 0x0a03b000, 0x13a00000)
   the space 17324K,  62% used [0x08f50000, 0x099f4e70, 0x099f5000, 0x0a03b000)
 Metaspace       used 10497K, capacity 10965K, committed 11008K, reserved 11648K
}
Event: 29.903 GC heap before
{Heap before GC invocations=16 (full 1):
 def new generation   total 7872K, used 7303K [0x03a00000, 0x04280000, 0x08f50000)
  eden space 7040K, 100% used [0x03a00000, 0x040e0000, 0x040e0000)
  from space 832K,  31% used [0x041b0000, 0x041f1e80, 0x04280000)
  to   space 832K,   0% used [0x040e0000, 0x040e0000, 0x041b0000)
 tenured generation   total 17324K, used 10899K [0x08f50000, 0x0a03b000, 0x13a00000)
   the space 17324K,  62% used [0x08f50000, 0x099f4e70, 0x099f5000, 0x0a03b000)
 Metaspace       used 10693K, capacity 11190K, committed 11264K, reserved 11648K
Event: 29.911 GC heap after
Heap after GC invocations=17 (full 1):
 def new generation   total 7872K, used 322K [0x03a00000, 0x04280000, 0x08f50000)
  eden space 7040K,   0% used [0x03a00000, 0x03a00000, 0x040e0000)
  from space 832K,  38% used [0x040e0000, 0x04130bb8, 0x041b0000)
  to   space 832K,   0% used [0x041b0000, 0x041b0000, 0x04280000)
 tenured generation   total 17324K, used 10899K [0x08f50000, 0x0a03b000, 0x13a00000)
   the space 17324K,  62% used [0x08f50000, 0x099f4e70, 0x099f5000, 0x0a03b000)
 Metaspace       used 10693K, capacity 11190K, committed 11264K, reserved 11648K
}
Event: 44.729 GC heap before
{Heap before GC invocations=17 (full 1):
 def new generation   total 7872K, used 7362K [0x03a00000, 0x04280000, 0x08f50000)
  eden space 7040K, 100% used [0x03a00000, 0x040e0000, 0x040e0000)
  from space 832K,  38% used [0x040e0000, 0x04130bb8, 0x041b0000)
  to   space 832K,   0% used [0x041b0000, 0x041b0000, 0x04280000)
 tenured generation   total 17324K, used 10899K [0x08f50000, 0x0a03b000, 0x13a00000)
   the space 17324K,  62% used [0x08f50000, 0x099f4e70, 0x099f5000, 0x0a03b000)
 Metaspace       used 10693K, capacity 11190K, committed 11264K, reserved 11648K
Event: 44.736 GC heap after
Heap after GC invocations=18 (full 1):
 def new generation   total 7872K, used 326K [0x03a00000, 0x04280000, 0x08f50000)
  eden space 7040K,   0% used [0x03a00000, 0x03a00000, 0x040e0000)
  from space 832K,  39% used [0x041b0000, 0x04201b30, 0x04280000)
  to   space 832K,   0% used [0x040e0000, 0x040e0000, 0x041b0000)
 tenured generation   total 17324K, used 10899K [0x08f50000, 0x0a03b000, 0x13a00000)
   the space 17324K,  62% used [0x08f50000, 0x099f4e70, 0x099f5000, 0x0a03b000)
 Metaspace       used 10693K, capacity 11190K, committed 11264K, reserved 11648K
}
Event: 60.135 GC heap before
{Heap before GC invocations=18 (full 1):
 def new generation   total 7872K, used 7366K [0x03a00000, 0x04280000, 0x08f50000)
  eden space 7040K, 100% used [0x03a00000, 0x040e0000, 0x040e0000)
  from space 832K,  39% used [0x041b0000, 0x04201b30, 0x04280000)
  to   space 832K,   0% used [0x040e0000, 0x040e0000, 0x041b0000)
 tenured generation   total 17324K, used 10899K [0x08f50000, 0x0a03b000, 0x13a00000)
   the space 17324K,  62% used [0x08f50000, 0x099f4e70, 0x099f5000, 0x0a03b000)
 Metaspace       used 10693K, capacity 11190K, committed 11264K, reserved 11648K
Event: 60.144 GC heap after
Heap after GC invocations=19 (full 1):
 def new generation   total 7872K, used 319K [0x03a00000, 0x04280000, 0x08f50000)
  eden space 7040K,   0% used [0x03a00000, 0x03a00000, 0x040e0000)
  from space 832K,  38% used [0x040e0000, 0x0412fd60, 0x041b0000)
  to   space 832K,   0% used [0x041b0000, 0x041b0000, 0x04280000)
 tenured generation   total 17324K, used 10899K [0x08f50000, 0x0a03b000, 0x13a00000)
   the space 17324K,  62% used [0x08f50000, 0x099f4e70, 0x099f5000, 0x0a03b000)
 Metaspace       used 10693K, capacity 11190K, committed 11264K, reserved 11648K
}
Event: 70.188 GC heap before
{Heap before GC invocations=19 (full 1):
 def new generation   total 7872K, used 7359K [0x03a00000, 0x04280000, 0x08f50000)
  eden space 7040K, 100% used [0x03a00000, 0x040e0000, 0x040e0000)
  from space 832K,  38% used [0x040e0000, 0x0412fd60, 0x041b0000)
  to   space 832K,   0% used [0x041b0000, 0x041b0000, 0x04280000)
 tenured generation   total 17324K, used 10899K [0x08f50000, 0x0a03b000, 0x13a00000)
   the space 17324K,  62% used [0x08f50000, 0x099f4e70, 0x099f5000, 0x0a03b000)
 Metaspace       used 10693K, capacity 11190K, committed 11264K, reserved 11648K
Event: 70.196 GC heap after
Heap after GC invocations=20 (full 1):
 def new generation   total 7872K, used 318K [0x03a00000, 0x04280000, 0x08f50000)
  eden space 7040K,   0% used [0x03a00000, 0x03a00000, 0x040e0000)
  from space 832K,  38% used [0x041b0000, 0x041ffa90, 0x04280000)
  to   space 832K,   0% used [0x040e0000, 0x040e0000, 0x041b0000)
 tenured generation   total 17324K, used 10899K [0x08f50000, 0x0a03b000, 0x13a00000)
   the space 17324K,  62% used [0x08f50000, 0x099f4e70, 0x099f5000, 0x0a03b000)
 Metaspace       used 10693K, capacity 11190K, committed 11264K, reserved 11648K
}

