# JRE version: Java(TM) SE Runtime Environment (8.0_25-b18) (build 1.8.0_25-b18)
# Java VM: Java HotSpot(TM) Client VM (25.25-b02 mixed mode, sharing windows-x86 )
Heap:
 def new generation   total 8256K, used 328K [0x03c00000, 0x044f0000, 0x09150000)
  eden space 7360K,   1% used [0x03c00000, 0x03c23758, 0x04330000)
  from space 896K,  20% used [0x04330000, 0x0435e910, 0x04410000)
  to   space 896K,   0% used [0x04410000, 0x04410000, 0x044f0000)
 tenured generation   total 18176K, used 11295K [0x09150000, 0x0a310000, 0x13c00000)
   the space 18176K,  62% used [0x09150000, 0x09c57e28, 0x09c58000, 0x0a310000)
 Metaspace       used 10541K, capacity 11019K, committed 11136K, reserved 11648K
GC Heap History (10 events):
Event: 13.422 GC heap before
{Heap before GC invocations=13 (full 0):
 def new generation   total 4928K, used 4658K [0x03c00000, 0x04150000, 0x09150000)
  eden space 4416K, 100% used [0x03c00000, 0x04050000, 0x04050000)
  from space 512K,  47% used [0x040d0000, 0x0410cac8, 0x04150000)
  to   space 512K,   0% used [0x04050000, 0x04050000, 0x040d0000)
 tenured generation   total 10944K, used 10184K [0x09150000, 0x09c00000, 0x13c00000)
   the space 10944K,  93% used [0x09150000, 0x09b42018, 0x09b42200, 0x09c00000)
 Metaspace       used 9905K, capacity 10346K, committed 10368K, reserved 10624K
Event: 13.457 GC heap after
Heap after GC invocations=14 (full 1):
 def new generation   total 8256K, used 0K [0x03c00000, 0x044f0000, 0x09150000)
  eden space 7360K,   0% used [0x03c00000, 0x03c00000, 0x04330000)
  from space 896K,   0% used [0x04330000, 0x04330000, 0x04410000)
  to   space 896K,   0% used [0x04410000, 0x04410000, 0x044f0000)
 tenured generation   total 18176K, used 10903K [0x09150000, 0x0a310000, 0x13c00000)
   the space 18176K,  59% used [0x09150000, 0x09bf5d20, 0x09bf5e00, 0x0a310000)
 Metaspace       used 9904K, capacity 10343K, committed 10368K, reserved 10624K
}
Event: 16.358 GC heap before
{Heap before GC invocations=14 (full 1):
 def new generation   total 8256K, used 7360K [0x03c00000, 0x044f0000, 0x09150000)
  eden space 7360K, 100% used [0x03c00000, 0x04330000, 0x04330000)
  from space 896K,   0% used [0x04330000, 0x04330000, 0x04410000)
  to   space 896K,   0% used [0x04410000, 0x04410000, 0x044f0000)
 tenured generation   total 18176K, used 10903K [0x09150000, 0x0a310000, 0x13c00000)
   the space 18176K,  59% used [0x09150000, 0x09bf5d20, 0x09bf5e00, 0x0a310000)
 Metaspace       used 10450K, capacity 10900K, committed 11008K, reserved 11648K
Event: 16.363 GC heap after
Heap after GC invocations=15 (full 1):
 def new generation   total 8256K, used 851K [0x03c00000, 0x044f0000, 0x09150000)
  eden space 7360K,   0% used [0x03c00000, 0x03c00000, 0x04330000)
  from space 896K,  95% used [0x04410000, 0x044e4e90, 0x044f0000)
  to   space 896K,   0% used [0x04330000, 0x04330000, 0x04410000)
 tenured generation   total 18176K, used 10903K [0x09150000, 0x0a310000, 0x13c00000)
   the space 18176K,  59% used [0x09150000, 0x09bf5d20, 0x09bf5e00, 0x0a310000)
 Metaspace       used 10450K, capacity 10900K, committed 11008K, reserved 11648K
}
Event: 16.979 GC heap before
{Heap before GC invocations=15 (full 1):
 def new generation   total 8256K, used 8211K [0x03c00000, 0x044f0000, 0x09150000)
  eden space 7360K, 100% used [0x03c00000, 0x04330000, 0x04330000)
  from space 896K,  95% used [0x04410000, 0x044e4e90, 0x044f0000)
  to   space 896K,   0% used [0x04330000, 0x04330000, 0x04410000)
 tenured generation   total 18176K, used 10903K [0x09150000, 0x0a310000, 0x13c00000)
   the space 18176K,  59% used [0x09150000, 0x09bf5d20, 0x09bf5e00, 0x0a310000)
 Metaspace       used 10479K, capacity 10960K, committed 11008K, reserved 11648K
Event: 16.984 GC heap after
Heap after GC invocations=16 (full 1):
 def new generation   total 8256K, used 152K [0x03c00000, 0x044f0000, 0x09150000)
  eden space 7360K,   0% used [0x03c00000, 0x03c00000, 0x04330000)
  from space 896K,  17% used [0x04330000, 0x043563d8, 0x04410000)
  to   space 896K,   0% used [0x04410000, 0x04410000, 0x044f0000)
 tenured generation   total 18176K, used 11295K [0x09150000, 0x0a310000, 0x13c00000)
   the space 18176K,  62% used [0x09150000, 0x09c57e28, 0x09c58000, 0x0a310000)
 Metaspace       used 10479K, capacity 10960K, committed 11008K, reserved 11648K
}
Event: 17.597 GC heap before
{Heap before GC invocations=16 (full 1):
 def new generation   total 8256K, used 7512K [0x03c00000, 0x044f0000, 0x09150000)
  eden space 7360K, 100% used [0x03c00000, 0x04330000, 0x04330000)
  from space 896K,  17% used [0x04330000, 0x043563d8, 0x04410000)
  to   space 896K,   0% used [0x04410000, 0x04410000, 0x044f0000)
 tenured generation   total 18176K, used 11295K [0x09150000, 0x0a310000, 0x13c00000)
   the space 18176K,  62% used [0x09150000, 0x09c57e28, 0x09c58000, 0x0a310000)
 Metaspace       used 10532K, capacity 11017K, committed 11136K, reserved 11648K
Event: 17.600 GC heap after
Heap after GC invocations=17 (full 1):
 def new generation   total 8256K, used 169K [0x03c00000, 0x044f0000, 0x09150000)
  eden space 7360K,   0% used [0x03c00000, 0x03c00000, 0x04330000)
  from space 896K,  18% used [0x04410000, 0x0443a738, 0x044f0000)
  to   space 896K,   0% used [0x04330000, 0x04330000, 0x04410000)
 tenured generation   total 18176K, used 11295K [0x09150000, 0x0a310000, 0x13c00000)
   the space 18176K,  62% used [0x09150000, 0x09c57e28, 0x09c58000, 0x0a310000)
 Metaspace       used 10532K, capacity 11017K, committed 11136K, reserved 11648K
}
Event: 18.146 GC heap before
{Heap before GC invocations=17 (full 1):
 def new generation   total 8256K, used 7529K [0x03c00000, 0x044f0000, 0x09150000)
  eden space 7360K, 100% used [0x03c00000, 0x04330000, 0x04330000)
  from space 896K,  18% used [0x04410000, 0x0443a738, 0x044f0000)
  to   space 896K,   0% used [0x04330000, 0x04330000, 0x04410000)
 tenured generation   total 18176K, used 11295K [0x09150000, 0x0a310000, 0x13c00000)
   the space 18176K,  62% used [0x09150000, 0x09c57e28, 0x09c58000, 0x0a310000)
 Metaspace       used 10541K, capacity 11019K, committed 11136K, reserved 11648K
Event: 18.149 GC heap after
Heap after GC invocations=18 (full 1):
 def new generation   total 8256K, used 186K [0x03c00000, 0x044f0000, 0x09150000)
  eden space 7360K,   0% used [0x03c00000, 0x03c00000, 0x04330000)
  from space 896K,  20% used [0x04330000, 0x0435e910, 0x04410000)
  to   space 896K,   0% used [0x04410000, 0x04410000, 0x044f0000)
 tenured generation   total 18176K, used 11295K [0x09150000, 0x0a310000, 0x13c00000)
   the space 18176K,  62% used [0x09150000, 0x09c57e28, 0x09c58000, 0x0a310000)
 Metaspace       used 10541K, capacity 11019K, committed 11136K, reserved 11648K
}

