# JRE version: Java(TM) SE Runtime Environment (8.0_25-b18) (build 1.8.0_25-b18)
# Java VM: Java HotSpot(TM) Client VM (25.25-b02 mixed mode, sharing windows-x86 )
Heap:
 def new generation   total 7936K, used 6774K [0x03a00000, 0x04290000, 0x08f50000)
  eden space 7104K,  83% used [0x03a00000, 0x03fcdb38, 0x040f0000)
  from space 832K, 100% used [0x041c0000, 0x04290000, 0x04290000)
  to   space 832K,   0% used [0x040f0000, 0x040f0000, 0x041c0000)
 tenured generation   total 17432K, used 10576K [0x08f50000, 0x0a056000, 0x13a00000)
   the space 17432K,  60% used [0x08f50000, 0x099a4240, 0x099a4400, 0x0a056000)
 Metaspace       used 10606K, capacity 11058K, committed 11136K, reserved 11648K
GC Heap History (10 events):
Event: 9.914 GC heap before
{Heap before GC invocations=9 (full 0):
 def new generation   total 4928K, used 4698K [0x03a00000, 0x03f50000, 0x08f50000)
  eden space 4416K, 100% used [0x03a00000, 0x03e50000, 0x03e50000)
  from space 512K,  55% used [0x03ed0000, 0x03f16888, 0x03f50000)
  to   space 512K,   0% used [0x03e50000, 0x03e50000, 0x03ed0000)
 tenured generation   total 10944K, used 8482K [0x08f50000, 0x09a00000, 0x13a00000)
   the space 10944K,  77% used [0x08f50000, 0x09798800, 0x09798800, 0x09a00000)
 Metaspace       used 6773K, capacity 7035K, committed 7040K, reserved 7552K
Event: 9.918 GC heap after
Heap after GC invocations=10 (full 0):
 def new generation   total 4928K, used 323K [0x03a00000, 0x03f50000, 0x08f50000)
  eden space 4416K,   0% used [0x03a00000, 0x03a00000, 0x03e50000)
  from space 512K,  63% used [0x03e50000, 0x03ea0e50, 0x03ed0000)
  to   space 512K,   0% used [0x03ed0000, 0x03ed0000, 0x03f50000)
 tenured generation   total 10944K, used 9174K [0x08f50000, 0x09a00000, 0x13a00000)
   the space 10944K,  83% used [0x08f50000, 0x09845980, 0x09845a00, 0x09a00000)
 Metaspace       used 6773K, capacity 7035K, committed 7040K, reserved 7552K
}
Event: 10.070 GC heap before
{Heap before GC invocations=10 (full 0):
 def new generation   total 4928K, used 4739K [0x03a00000, 0x03f50000, 0x08f50000)
  eden space 4416K, 100% used [0x03a00000, 0x03e50000, 0x03e50000)
  from space 512K,  63% used [0x03e50000, 0x03ea0e50, 0x03ed0000)
  to   space 512K,   0% used [0x03ed0000, 0x03ed0000, 0x03f50000)
 tenured generation   total 10944K, used 9174K [0x08f50000, 0x09a00000, 0x13a00000)
   the space 10944K,  83% used [0x08f50000, 0x09845980, 0x09845a00, 0x09a00000)
 Metaspace       used 7697K, capacity 7979K, committed 8064K, reserved 8576K
Event: 10.075 GC heap after
Heap after GC invocations=11 (full 0):
 def new generation   total 4928K, used 512K [0x03a00000, 0x03f50000, 0x08f50000)
  eden space 4416K,   0% used [0x03a00000, 0x03a00000, 0x03e50000)
  from space 512K, 100% used [0x03ed0000, 0x03f50000, 0x03f50000)
  to   space 512K,   0% used [0x03e50000, 0x03e50000, 0x03ed0000)
 tenured generation   total 10944K, used 9692K [0x08f50000, 0x09a00000, 0x13a00000)
   the space 10944K,  88% used [0x08f50000, 0x098c70c0, 0x098c7200, 0x09a00000)
 Metaspace       used 7697K, capacity 7979K, committed 8064K, reserved 8576K
}
Event: 10.270 GC heap before
{Heap before GC invocations=11 (full 0):
 def new generation   total 4928K, used 4928K [0x03a00000, 0x03f50000, 0x08f50000)
  eden space 4416K, 100% used [0x03a00000, 0x03e50000, 0x03e50000)
  from space 512K, 100% used [0x03ed0000, 0x03f50000, 0x03f50000)
  to   space 512K,   0% used [0x03e50000, 0x03e50000, 0x03ed0000)
 tenured generation   total 10944K, used 9692K [0x08f50000, 0x09a00000, 0x13a00000)
   the space 10944K,  88% used [0x08f50000, 0x098c70c0, 0x098c7200, 0x09a00000)
 Metaspace       used 8853K, capacity 9229K, committed 9344K, reserved 9600K
Event: 10.275 GC heap after
Heap after GC invocations=12 (full 0):
 def new generation   total 4928K, used 345K [0x03a00000, 0x03f50000, 0x08f50000)
  eden space 4416K,   0% used [0x03a00000, 0x03a00000, 0x03e50000)
  from space 512K,  67% used [0x03e50000, 0x03ea67d0, 0x03ed0000)
  to   space 512K,   0% used [0x03ed0000, 0x03ed0000, 0x03f50000)
 tenured generation   total 10944K, used 10171K [0x08f50000, 0x09a00000, 0x13a00000)
   the space 10944K,  92% used [0x08f50000, 0x0993ee60, 0x0993f000, 0x09a00000)
 Metaspace       used 8853K, capacity 9229K, committed 9344K, reserved 9600K
}
Event: 10.391 GC heap before
{Heap before GC invocations=12 (full 0):
 def new generation   total 4928K, used 4761K [0x03a00000, 0x03f50000, 0x08f50000)
  eden space 4416K, 100% used [0x03a00000, 0x03e50000, 0x03e50000)
  from space 512K,  67% used [0x03e50000, 0x03ea67d0, 0x03ed0000)
  to   space 512K,   0% used [0x03ed0000, 0x03ed0000, 0x03f50000)
 tenured generation   total 10944K, used 10171K [0x08f50000, 0x09a00000, 0x13a00000)
   the space 10944K,  92% used [0x08f50000, 0x0993ee60, 0x0993f000, 0x09a00000)
 Metaspace       used 9501K, capacity 9900K, committed 9984K, reserved 10624K
Event: 10.430 GC heap after
Heap after GC invocations=13 (full 1):
 def new generation   total 7936K, used 0K [0x03a00000, 0x04290000, 0x08f50000)
  eden space 7104K,   0% used [0x03a00000, 0x03a00000, 0x040f0000)
  from space 832K,   0% used [0x040f0000, 0x040f0000, 0x041c0000)
  to   space 832K,   0% used [0x041c0000, 0x041c0000, 0x04290000)
 tenured generation   total 17432K, used 10459K [0x08f50000, 0x0a056000, 0x13a00000)
   the space 17432K,  59% used [0x08f50000, 0x09986c60, 0x09986e00, 0x0a056000)
 Metaspace       used 9500K, capacity 9897K, committed 9984K, reserved 10624K
}
Event: 10.830 GC heap before
{Heap before GC invocations=13 (full 1):
 def new generation   total 7936K, used 7104K [0x03a00000, 0x04290000, 0x08f50000)
  eden space 7104K, 100% used [0x03a00000, 0x040f0000, 0x040f0000)
  from space 832K,   0% used [0x040f0000, 0x040f0000, 0x041c0000)
  to   space 832K,   0% used [0x041c0000, 0x041c0000, 0x04290000)
 tenured generation   total 17432K, used 10459K [0x08f50000, 0x0a056000, 0x13a00000)
   the space 17432K,  59% used [0x08f50000, 0x09986c60, 0x09986e00, 0x0a056000)
 Metaspace       used 10322K, capacity 10762K, committed 10880K, reserved 11648K
Event: 10.834 GC heap after
Heap after GC invocations=14 (full 1):
 def new generation   total 7936K, used 832K [0x03a00000, 0x04290000, 0x08f50000)
  eden space 7104K,   0% used [0x03a00000, 0x03a00000, 0x040f0000)
  from space 832K, 100% used [0x041c0000, 0x04290000, 0x04290000)
  to   space 832K,   0% used [0x040f0000, 0x040f0000, 0x041c0000)
 tenured generation   total 17432K, used 10576K [0x08f50000, 0x0a056000, 0x13a00000)
   the space 17432K,  60% used [0x08f50000, 0x099a4240, 0x099a4400, 0x0a056000)
 Metaspace       used 10322K, capacity 10762K, committed 10880K, reserved 11648K
}

