# JRE version: Java(TM) SE Runtime Environment (8.0_25-b18) (build 1.8.0_25-b18)
# Java VM: Java HotSpot(TM) Client VM (25.25-b02 mixed mode, sharing windows-x86 )
Heap:
 def new generation   total 4928K, used 4318K [0x03c00000, 0x04150000, 0x09150000)
  eden space 4416K,  92% used [0x03c00000, 0x03ffdef8, 0x04050000)
  from space 512K,  45% used [0x04050000, 0x04089c60, 0x040d0000)
  to   space 512K,   0% used [0x040d0000, 0x040d0000, 0x04150000)
 tenured generation   total 12996K, used 12338K [0x09150000, 0x09e01000, 0x13c00000)
   the space 12996K,  94% used [0x09150000, 0x09d5cab0, 0x09d5cc00, 0x09e01000)
 Metaspace       used 10423K, capacity 10865K, committed 10880K, reserved 11648K
GC Heap History (10 events):
Event: 6.367 GC heap before
{Heap before GC invocations=9 (full 0):
 def new generation   total 4928K, used 4925K [0x03c00000, 0x04150000, 0x09150000)
  eden space 4416K,  99% used [0x03c00000, 0x0404f5e0, 0x04050000)
  from space 512K, 100% used [0x040d0000, 0x04150000, 0x04150000)
  to   space 512K,   0% used [0x04050000, 0x04050000, 0x040d0000)
 tenured generation   total 10944K, used 8596K [0x09150000, 0x09c00000, 0x13c00000)
   the space 10944K,  78% used [0x09150000, 0x099b5308, 0x099b5400, 0x09c00000)
 Metaspace       used 8975K, capacity 9368K, committed 9472K, reserved 9600K
Event: 6.372 GC heap after
Heap after GC invocations=10 (full 0):
 def new generation   total 4928K, used 401K [0x03c00000, 0x04150000, 0x09150000)
  eden space 4416K,   0% used [0x03c00000, 0x03c00000, 0x04050000)
  from space 512K,  78% used [0x04050000, 0x040b44b8, 0x040d0000)
  to   space 512K,   0% used [0x040d0000, 0x040d0000, 0x04150000)
 tenured generation   total 10944K, used 9063K [0x09150000, 0x09c00000, 0x13c00000)
   the space 10944K,  82% used [0x09150000, 0x09a29db8, 0x09a29e00, 0x09c00000)
 Metaspace       used 8975K, capacity 9368K, committed 9472K, reserved 9600K
}
Event: 6.569 GC heap before
{Heap before GC invocations=10 (full 0):
 def new generation   total 4928K, used 4826K [0x03c00000, 0x04150000, 0x09150000)
  eden space 4416K, 100% used [0x03c00000, 0x04050000, 0x04050000)
  from space 512K,  80% used [0x04050000, 0x040b6b90, 0x040d0000)
  to   space 512K,   0% used [0x040d0000, 0x040d0000, 0x04150000)
 tenured generation   total 10944K, used 9063K [0x09150000, 0x09c00000, 0x13c00000)
   the space 10944K,  82% used [0x09150000, 0x09a29db8, 0x09a29e00, 0x09c00000)
 Metaspace       used 9513K, capacity 9922K, committed 9984K, reserved 10624K
Event: 6.575 GC heap after
Heap after GC invocations=11 (full 0):
 def new generation   total 4928K, used 320K [0x03c00000, 0x04150000, 0x09150000)
  eden space 4416K,   0% used [0x03c00000, 0x03c00000, 0x04050000)
  from space 512K,  62% used [0x040d0000, 0x04120090, 0x04150000)
  to   space 512K,   0% used [0x04050000, 0x04050000, 0x040d0000)
 tenured generation   total 12996K, used 11445K [0x09150000, 0x09e01000, 0x13c00000)
   the space 12996K,  88% used [0x09150000, 0x09c7d5f0, 0x09c7d600, 0x09e01000)
 Metaspace       used 9513K, capacity 9922K, committed 9984K, reserved 10624K
}
Event: 6.808 GC heap before
{Heap before GC invocations=11 (full 0):
 def new generation   total 4928K, used 4736K [0x03c00000, 0x04150000, 0x09150000)
  eden space 4416K, 100% used [0x03c00000, 0x04050000, 0x04050000)
  from space 512K,  62% used [0x040d0000, 0x04120090, 0x04150000)
  to   space 512K,   0% used [0x04050000, 0x04050000, 0x040d0000)
 tenured generation   total 12996K, used 11445K [0x09150000, 0x09e01000, 0x13c00000)
   the space 12996K,  88% used [0x09150000, 0x09c7d5f0, 0x09c7d600, 0x09e01000)
 Metaspace       used 9946K, capacity 10373K, committed 10496K, reserved 10624K
Event: 6.812 GC heap after
Heap after GC invocations=12 (full 0):
 def new generation   total 4928K, used 511K [0x03c00000, 0x04150000, 0x09150000)
  eden space 4416K,   0% used [0x03c00000, 0x03c00000, 0x04050000)
  from space 512K,  99% used [0x04050000, 0x040cff58, 0x040d0000)
  to   space 512K,   0% used [0x040d0000, 0x040d0000, 0x04150000)
 tenured generation   total 12996K, used 11675K [0x09150000, 0x09e01000, 0x13c00000)
   the space 12996K,  89% used [0x09150000, 0x09cb6ff0, 0x09cb7000, 0x09e01000)
 Metaspace       used 9946K, capacity 10373K, committed 10496K, reserved 10624K
}
Event: 10.675 GC heap before
{Heap before GC invocations=12 (full 0):
 def new generation   total 4928K, used 4927K [0x03c00000, 0x04150000, 0x09150000)
  eden space 4416K, 100% used [0x03c00000, 0x04050000, 0x04050000)
  from space 512K,  99% used [0x04050000, 0x040cff58, 0x040d0000)
  to   space 512K,   0% used [0x040d0000, 0x040d0000, 0x04150000)
 tenured generation   total 12996K, used 11675K [0x09150000, 0x09e01000, 0x13c00000)
   the space 12996K,  89% used [0x09150000, 0x09cb6ff0, 0x09cb7000, 0x09e01000)
 Metaspace       used 10358K, capacity 10799K, committed 10880K, reserved 11648K
Event: 10.680 GC heap after
Heap after GC invocations=13 (full 0):
 def new generation   total 4928K, used 512K [0x03c00000, 0x04150000, 0x09150000)
  eden space 4416K,   0% used [0x03c00000, 0x03c00000, 0x04050000)
  from space 512K, 100% used [0x040d0000, 0x04150000, 0x04150000)
  to   space 512K,   0% used [0x04050000, 0x04050000, 0x040d0000)
 tenured generation   total 12996K, used 11957K [0x09150000, 0x09e01000, 0x13c00000)
   the space 12996K,  92% used [0x09150000, 0x09cfd7f8, 0x09cfd800, 0x09e01000)
 Metaspace       used 10358K, capacity 10799K, committed 10880K, reserved 11648K
}
Event: 11.129 GC heap before
{Heap before GC invocations=13 (full 0):
 def new generation   total 4928K, used 4928K [0x03c00000, 0x04150000, 0x09150000)
  eden space 4416K, 100% used [0x03c00000, 0x04050000, 0x04050000)
  from space 512K, 100% used [0x040d0000, 0x04150000, 0x04150000)
  to   space 512K,   0% used [0x04050000, 0x04050000, 0x040d0000)
 tenured generation   total 12996K, used 11957K [0x09150000, 0x09e01000, 0x13c00000)
   the space 12996K,  92% used [0x09150000, 0x09cfd7f8, 0x09cfd800, 0x09e01000)
 Metaspace       used 10365K, capacity 10799K, committed 10880K, reserved 11648K
Event: 11.134 GC heap after
Heap after GC invocations=14 (full 0):
 def new generation   total 4928K, used 231K [0x03c00000, 0x04150000, 0x09150000)
  eden space 4416K,   0% used [0x03c00000, 0x03c00000, 0x04050000)
  from space 512K,  45% used [0x04050000, 0x04089c60, 0x040d0000)
  to   space 512K,   0% used [0x040d0000, 0x040d0000, 0x04150000)
 tenured generation   total 12996K, used 12338K [0x09150000, 0x09e01000, 0x13c00000)
   the space 12996K,  94% used [0x09150000, 0x09d5cab0, 0x09d5cc00, 0x09e01000)
 Metaspace       used 10365K, capacity 10799K, committed 10880K, reserved 11648K
}

