# JRE version: Java(TM) SE Runtime Environment (8.0_25-b18) (build 1.8.0_25-b18)
# Java VM: Java HotSpot(TM) Client VM (25.25-b02 mixed mode, sharing windows-x86 )
Heap:
 def new generation   total 8064K, used 1597K [0x03c00000, 0x044c0000, 0x09150000)
  eden space 7168K,  20% used [0x03c00000, 0x03d69c40, 0x04300000)
  from space 896K,  16% used [0x04300000, 0x04325908, 0x043e0000)
  to   space 896K,   0% used [0x043e0000, 0x043e0000, 0x044c0000)
 tenured generation   total 17796K, used 11091K [0x09150000, 0x0a2b1000, 0x13c00000)
   the space 17796K,  62% used [0x09150000, 0x09c24e80, 0x09c25000, 0x0a2b1000)
 Metaspace       used 10544K, capacity 11019K, committed 11136K, reserved 11648K
GC Heap History (10 events):
Event: 19.097 GC heap before
{Heap before GC invocations=26 (full 1):
 def new generation   total 8064K, used 7318K [0x03c00000, 0x044c0000, 0x09150000)
  eden space 7168K, 100% used [0x03c00000, 0x04300000, 0x04300000)
  from space 896K,  16% used [0x043e0000, 0x04405ba0, 0x044c0000)
  to   space 896K,   0% used [0x04300000, 0x04300000, 0x043e0000)
 tenured generation   total 17796K, used 11074K [0x09150000, 0x0a2b1000, 0x13c00000)
   the space 17796K,  62% used [0x09150000, 0x09c20908, 0x09c20a00, 0x0a2b1000)
 Metaspace       used 10481K, capacity 10962K, committed 11008K, reserved 11648K
Event: 19.100 GC heap after
Heap after GC invocations=27 (full 1):
 def new generation   total 8064K, used 154K [0x03c00000, 0x044c0000, 0x09150000)
  eden space 7168K,   0% used [0x03c00000, 0x03c00000, 0x04300000)
  from space 896K,  17% used [0x04300000, 0x04326898, 0x043e0000)
  to   space 896K,   0% used [0x043e0000, 0x043e0000, 0x044c0000)
 tenured generation   total 17796K, used 11074K [0x09150000, 0x0a2b1000, 0x13c00000)
   the space 17796K,  62% used [0x09150000, 0x09c20908, 0x09c20a00, 0x0a2b1000)
 Metaspace       used 10481K, capacity 10962K, committed 11008K, reserved 11648K
}
Event: 19.700 GC heap before
{Heap before GC invocations=27 (full 1):
 def new generation   total 8064K, used 7322K [0x03c00000, 0x044c0000, 0x09150000)
  eden space 7168K, 100% used [0x03c00000, 0x04300000, 0x04300000)
  from space 896K,  17% used [0x04300000, 0x04326898, 0x043e0000)
  to   space 896K,   0% used [0x043e0000, 0x043e0000, 0x044c0000)
 tenured generation   total 17796K, used 11074K [0x09150000, 0x0a2b1000, 0x13c00000)
   the space 17796K,  62% used [0x09150000, 0x09c20908, 0x09c20a00, 0x0a2b1000)
 Metaspace       used 10481K, capacity 10962K, committed 11008K, reserved 11648K
Event: 19.706 GC heap after
Heap after GC invocations=28 (full 1):
 def new generation   total 8064K, used 150K [0x03c00000, 0x044c0000, 0x09150000)
  eden space 7168K,   0% used [0x03c00000, 0x03c00000, 0x04300000)
  from space 896K,  16% used [0x043e0000, 0x04405b18, 0x044c0000)
  to   space 896K,   0% used [0x04300000, 0x04300000, 0x043e0000)
 tenured generation   total 17796K, used 11074K [0x09150000, 0x0a2b1000, 0x13c00000)
   the space 17796K,  62% used [0x09150000, 0x09c20908, 0x09c20a00, 0x0a2b1000)
 Metaspace       used 10481K, capacity 10962K, committed 11008K, reserved 11648K
}
Event: 20.469 GC heap before
{Heap before GC invocations=28 (full 1):
 def new generation   total 8064K, used 7318K [0x03c00000, 0x044c0000, 0x09150000)
  eden space 7168K, 100% used [0x03c00000, 0x04300000, 0x04300000)
  from space 896K,  16% used [0x043e0000, 0x04405b18, 0x044c0000)
  to   space 896K,   0% used [0x04300000, 0x04300000, 0x043e0000)
 tenured generation   total 17796K, used 11074K [0x09150000, 0x0a2b1000, 0x13c00000)
   the space 17796K,  62% used [0x09150000, 0x09c20908, 0x09c20a00, 0x0a2b1000)
 Metaspace       used 10481K, capacity 10962K, committed 11008K, reserved 11648K
Event: 20.473 GC heap after
Heap after GC invocations=29 (full 1):
 def new generation   total 8064K, used 146K [0x03c00000, 0x044c0000, 0x09150000)
  eden space 7168K,   0% used [0x03c00000, 0x03c00000, 0x04300000)
  from space 896K,  16% used [0x04300000, 0x043248a0, 0x043e0000)
  to   space 896K,   0% used [0x043e0000, 0x043e0000, 0x044c0000)
 tenured generation   total 17796K, used 11074K [0x09150000, 0x0a2b1000, 0x13c00000)
   the space 17796K,  62% used [0x09150000, 0x09c20908, 0x09c20a00, 0x0a2b1000)
 Metaspace       used 10481K, capacity 10962K, committed 11008K, reserved 11648K
}
Event: 21.073 GC heap before
{Heap before GC invocations=29 (full 1):
 def new generation   total 8064K, used 7314K [0x03c00000, 0x044c0000, 0x09150000)
  eden space 7168K, 100% used [0x03c00000, 0x04300000, 0x04300000)
  from space 896K,  16% used [0x04300000, 0x043248a0, 0x043e0000)
  to   space 896K,   0% used [0x043e0000, 0x043e0000, 0x044c0000)
 tenured generation   total 17796K, used 11074K [0x09150000, 0x0a2b1000, 0x13c00000)
   the space 17796K,  62% used [0x09150000, 0x09c20908, 0x09c20a00, 0x0a2b1000)
 Metaspace       used 10481K, capacity 10962K, committed 11008K, reserved 11648K
Event: 21.078 GC heap after
Heap after GC invocations=30 (full 1):
 def new generation   total 8064K, used 134K [0x03c00000, 0x044c0000, 0x09150000)
  eden space 7168K,   0% used [0x03c00000, 0x03c00000, 0x04300000)
  from space 896K,  14% used [0x043e0000, 0x04401840, 0x044c0000)
  to   space 896K,   0% used [0x04300000, 0x04300000, 0x043e0000)
 tenured generation   total 17796K, used 11090K [0x09150000, 0x0a2b1000, 0x13c00000)
   the space 17796K,  62% used [0x09150000, 0x09c248f0, 0x09c24a00, 0x0a2b1000)
 Metaspace       used 10481K, capacity 10962K, committed 11008K, reserved 11648K
}
Event: 21.741 GC heap before
{Heap before GC invocations=30 (full 1):
 def new generation   total 8064K, used 7302K [0x03c00000, 0x044c0000, 0x09150000)
  eden space 7168K,  99% used [0x03c00000, 0x042fffe0, 0x04300000)
  from space 896K,  14% used [0x043e0000, 0x04401840, 0x044c0000)
  to   space 896K,   0% used [0x04300000, 0x04300000, 0x043e0000)
 tenured generation   total 17796K, used 11090K [0x09150000, 0x0a2b1000, 0x13c00000)
   the space 17796K,  62% used [0x09150000, 0x09c248f0, 0x09c24a00, 0x0a2b1000)
 Metaspace       used 10534K, capacity 11017K, committed 11136K, reserved 11648K
Event: 21.746 GC heap after
Heap after GC invocations=31 (full 1):
 def new generation   total 8064K, used 150K [0x03c00000, 0x044c0000, 0x09150000)
  eden space 7168K,   0% used [0x03c00000, 0x03c00000, 0x04300000)
  from space 896K,  16% used [0x04300000, 0x04325908, 0x043e0000)
  to   space 896K,   0% used [0x043e0000, 0x043e0000, 0x044c0000)
 tenured generation   total 17796K, used 11091K [0x09150000, 0x0a2b1000, 0x13c00000)
   the space 17796K,  62% used [0x09150000, 0x09c24e80, 0x09c25000, 0x0a2b1000)
 Metaspace       used 10534K, capacity 11017K, committed 11136K, reserved 11648K
}

