# JRE version: Java(TM) SE Runtime Environment (8.0_20-b26) (build 1.8.0_20-b26)
# Java VM: Java HotSpot(TM) 64-Bit Server VM (25.20-b23 mixed mode windows-amd64 compressed oops)
Heap:
 PSYoungGen      total 34304K, used 27386K [0x00000000eb200000, 0x00000000ed700000, 0x0000000100000000)
  eden space 31744K, 78% used [0x00000000eb200000,0x00000000eca47ac8,0x00000000ed100000)
  from space 2560K, 98% used [0x00000000ed480000,0x00000000ed6f7018,0x00000000ed700000)
  to   space 2560K, 0% used [0x00000000ed200000,0x00000000ed200000,0x00000000ed480000)
 ParOldGen       total 31232K, used 7601K [0x00000000c1600000, 0x00000000c3480000, 0x00000000eb200000)
  object space 31232K, 24% used [0x00000000c1600000,0x00000000c1d6c4f8,0x00000000c3480000)
 Metaspace       used 30857K, capacity 31556K, committed 31744K, reserved 1077248K
  class space    used 4092K, capacity 4270K, committed 4352K, reserved 1048576K
GC Heap History (10 events):
Event: 4.309 GC heap before
{Heap before GC invocations=1 (full 0):
 PSYoungGen      total 18944K, used 16384K [0x00000000eb200000, 0x00000000ec700000, 0x0000000100000000)
  eden space 16384K, 100% used [0x00000000eb200000,0x00000000ec200000,0x00000000ec200000)
  from space 2560K, 0% used [0x00000000ec480000,0x00000000ec480000,0x00000000ec700000)
  to   space 2560K, 0% used [0x00000000ec200000,0x00000000ec200000,0x00000000ec480000)
 ParOldGen       total 44032K, used 0K [0x00000000c1600000, 0x00000000c4100000, 0x00000000eb200000)
  object space 44032K, 0% used [0x00000000c1600000,0x00000000c1600000,0x00000000c4100000)
 Metaspace       used 14912K, capacity 15120K, committed 15360K, reserved 1062912K
  class space    used 1849K, capacity 1936K, committed 2048K, reserved 1048576K
Event: 4.316 GC heap after
Heap after GC invocations=1 (full 0):
 PSYoungGen      total 18944K, used 2537K [0x00000000eb200000, 0x00000000ec700000, 0x0000000100000000)
  eden space 16384K, 0% used [0x00000000eb200000,0x00000000eb200000,0x00000000ec200000)
  from space 2560K, 99% used [0x00000000ec200000,0x00000000ec47a5b8,0x00000000ec480000)
  to   space 2560K, 0% used [0x00000000ec480000,0x00000000ec480000,0x00000000ec700000)
 ParOldGen       total 44032K, used 2092K [0x00000000c1600000, 0x00000000c4100000, 0x00000000eb200000)
  object space 44032K, 4% used [0x00000000c1600000,0x00000000c180b0b8,0x00000000c4100000)
 Metaspace       used 14912K, capacity 15120K, committed 15360K, reserved 1062912K
  class space    used 1849K, capacity 1936K, committed 2048K, reserved 1048576K
}
Event: 5.345 GC heap before
{Heap before GC invocations=2 (full 0):
 PSYoungGen      total 18944K, used 18921K [0x00000000eb200000, 0x00000000ec700000, 0x0000000100000000)
  eden space 16384K, 100% used [0x00000000eb200000,0x00000000ec200000,0x00000000ec200000)
  from space 2560K, 99% used [0x00000000ec200000,0x00000000ec47a5b8,0x00000000ec480000)
  to   space 2560K, 0% used [0x00000000ec480000,0x00000000ec480000,0x00000000ec700000)
 ParOldGen       total 44032K, used 2092K [0x00000000c1600000, 0x00000000c4100000, 0x00000000eb200000)
  object space 44032K, 4% used [0x00000000c1600000,0x00000000c180b0b8,0x00000000c4100000)
 Metaspace       used 20866K, capacity 21046K, committed 21248K, reserved 1067008K
  class space    used 2683K, capacity 2755K, committed 2816K, reserved 1048576K
Event: 5.356 GC heap after
Heap after GC invocations=2 (full 0):
 PSYoungGen      total 18944K, used 2558K [0x00000000eb200000, 0x00000000ec700000, 0x0000000100000000)
  eden space 16384K, 0% used [0x00000000eb200000,0x00000000eb200000,0x00000000ec200000)
  from space 2560K, 99% used [0x00000000ec480000,0x00000000ec6ffbb8,0x00000000ec700000)
  to   space 2560K, 0% used [0x00000000ec200000,0x00000000ec200000,0x00000000ec480000)
 ParOldGen       total 44032K, used 6456K [0x00000000c1600000, 0x00000000c4100000, 0x00000000eb200000)
  object space 44032K, 14% used [0x00000000c1600000,0x00000000c1c4e1b8,0x00000000c4100000)
 Metaspace       used 20866K, capacity 21046K, committed 21248K, reserved 1067008K
  class space    used 2683K, capacity 2755K, committed 2816K, reserved 1048576K
}
Event: 5.365 GC heap before
{Heap before GC invocations=3 (full 0):
 PSYoungGen      total 18944K, used 3373K [0x00000000eb200000, 0x00000000ec700000, 0x0000000100000000)
  eden space 16384K, 4% used [0x00000000eb200000,0x00000000eb2cb920,0x00000000ec200000)
  from space 2560K, 99% used [0x00000000ec480000,0x00000000ec6ffbb8,0x00000000ec700000)
  to   space 2560K, 0% used [0x00000000ec200000,0x00000000ec200000,0x00000000ec480000)
 ParOldGen       total 44032K, used 6456K [0x00000000c1600000, 0x00000000c4100000, 0x00000000eb200000)
  object space 44032K, 14% used [0x00000000c1600000,0x00000000c1c4e1b8,0x00000000c4100000)
 Metaspace       used 20900K, capacity 21046K, committed 21248K, reserved 1067008K
  class space    used 2684K, capacity 2755K, committed 2816K, reserved 1048576K
Event: 5.371 GC heap after
Heap after GC invocations=3 (full 0):
 PSYoungGen      total 18944K, used 2533K [0x00000000eb200000, 0x00000000ed700000, 0x0000000100000000)
  eden space 16384K, 0% used [0x00000000eb200000,0x00000000eb200000,0x00000000ec200000)
  from space 2560K, 98% used [0x00000000ec200000,0x00000000ec479620,0x00000000ec480000)
  to   space 2560K, 0% used [0x00000000ed480000,0x00000000ed480000,0x00000000ed700000)
 ParOldGen       total 44032K, used 6575K [0x00000000c1600000, 0x00000000c4100000, 0x00000000eb200000)
  object space 44032K, 14% used [0x00000000c1600000,0x00000000c1c6bfc0,0x00000000c4100000)
 Metaspace       used 20900K, capacity 21046K, committed 21248K, reserved 1067008K
  class space    used 2684K, capacity 2755K, committed 2816K, reserved 1048576K
}
Event: 5.371 GC heap before
{Heap before GC invocations=4 (full 1):
 PSYoungGen      total 18944K, used 2533K [0x00000000eb200000, 0x00000000ed700000, 0x0000000100000000)
  eden space 16384K, 0% used [0x00000000eb200000,0x00000000eb200000,0x00000000ec200000)
  from space 2560K, 98% used [0x00000000ec200000,0x00000000ec479620,0x00000000ec480000)
  to   space 2560K, 0% used [0x00000000ed480000,0x00000000ed480000,0x00000000ed700000)
 ParOldGen       total 44032K, used 6575K [0x00000000c1600000, 0x00000000c4100000, 0x00000000eb200000)
  object space 44032K, 14% used [0x00000000c1600000,0x00000000c1c6bfc0,0x00000000c4100000)
 Metaspace       used 20900K, capacity 21046K, committed 21248K, reserved 1067008K
  class space    used 2684K, capacity 2755K, committed 2816K, reserved 1048576K
Event: 5.426 GC heap after
Heap after GC invocations=4 (full 1):
 PSYoungGen      total 18944K, used 0K [0x00000000eb200000, 0x00000000ed700000, 0x0000000100000000)
  eden space 16384K, 0% used [0x00000000eb200000,0x00000000eb200000,0x00000000ec200000)
  from space 2560K, 0% used [0x00000000ec200000,0x00000000ec200000,0x00000000ec480000)
  to   space 2560K, 0% used [0x00000000ed480000,0x00000000ed480000,0x00000000ed700000)
 ParOldGen       total 31232K, used 7593K [0x00000000c1600000, 0x00000000c3480000, 0x00000000eb200000)
  object space 31232K, 24% used [0x00000000c1600000,0x00000000c1d6a4f8,0x00000000c3480000)
 Metaspace       used 20899K, capacity 21044K, committed 21248K, reserved 1067008K
  class space    used 2683K, capacity 2754K, committed 2816K, reserved 1048576K
}
Event: 5.798 GC heap before
{Heap before GC invocations=5 (full 1):
 PSYoungGen      total 18944K, used 16384K [0x00000000eb200000, 0x00000000ed700000, 0x0000000100000000)
  eden space 16384K, 100% used [0x00000000eb200000,0x00000000ec200000,0x00000000ec200000)
  from space 2560K, 0% used [0x00000000ec200000,0x00000000ec200000,0x00000000ec480000)
  to   space 2560K, 0% used [0x00000000ed480000,0x00000000ed480000,0x00000000ed700000)
 ParOldGen       total 31232K, used 7593K [0x00000000c1600000, 0x00000000c3480000, 0x00000000eb200000)
  object space 31232K, 24% used [0x00000000c1600000,0x00000000c1d6a4f8,0x00000000c3480000)
 Metaspace       used 25775K, capacity 26132K, committed 26368K, reserved 1073152K
  class space    used 3400K, capacity 3502K, committed 3584K, reserved 1048576K
Event: 5.804 GC heap after
Heap after GC invocations=5 (full 1):
 PSYoungGen      total 34304K, used 2524K [0x00000000eb200000, 0x00000000ed700000, 0x0000000100000000)
  eden space 31744K, 0% used [0x00000000eb200000,0x00000000eb200000,0x00000000ed100000)
  from space 2560K, 98% used [0x00000000ed480000,0x00000000ed6f7018,0x00000000ed700000)
  to   space 2560K, 0% used [0x00000000ed200000,0x00000000ed200000,0x00000000ed480000)
 ParOldGen       total 31232K, used 7601K [0x00000000c1600000, 0x00000000c3480000, 0x00000000eb200000)
  object space 31232K, 24% used [0x00000000c1600000,0x00000000c1d6c4f8,0x00000000c3480000)
 Metaspace       used 25775K, capacity 26132K, committed 26368K, reserved 1073152K
  class space    used 3400K, capacity 3502K, committed 3584K, reserved 1048576K
}

