# JRE version: Java(TM) SE Runtime Environment (8.0_20-b26) (build 1.8.0_20-b26)
# Java VM: Java HotSpot(TM) 64-Bit Server VM (25.20-b23 mixed mode windows-amd64 compressed oops)
Heap:
 PSYoungGen      total 33280K, used 27862K [0x00000000eb200000, 0x00000000ed700000, 0x0000000100000000)
  eden space 30720K, 82% used [0x00000000eb200000,0x00000000ecac8578,0x00000000ed000000)
  from space 2560K, 97% used [0x00000000ed480000,0x00000000ed6ed440,0x00000000ed700000)
  to   space 2560K, 0% used [0x00000000ed200000,0x00000000ed200000,0x00000000ed480000)
 ParOldGen       total 31744K, used 8095K [0x00000000c1600000, 0x00000000c3500000, 0x00000000eb200000)
  object space 31744K, 25% used [0x00000000c1600000,0x00000000c1de7f50,0x00000000c3500000)
 Metaspace       used 30883K, capacity 31556K, committed 31744K, reserved 1077248K
  class space    used 4090K, capacity 4270K, committed 4352K, reserved 1048576K
GC Heap History (10 events):
Event: 4.535 GC heap before
{Heap before GC invocations=1 (full 0):
 PSYoungGen      total 18944K, used 16384K [0x00000000eb200000, 0x00000000ec700000, 0x0000000100000000)
  eden space 16384K, 100% used [0x00000000eb200000,0x00000000ec200000,0x00000000ec200000)
  from space 2560K, 0% used [0x00000000ec480000,0x00000000ec480000,0x00000000ec700000)
  to   space 2560K, 0% used [0x00000000ec200000,0x00000000ec200000,0x00000000ec480000)
 ParOldGen       total 44032K, used 0K [0x00000000c1600000, 0x00000000c4100000, 0x00000000eb200000)
  object space 44032K, 0% used [0x00000000c1600000,0x00000000c1600000,0x00000000c4100000)
 Metaspace       used 14928K, capacity 15120K, committed 15360K, reserved 1062912K
  class space    used 1849K, capacity 1936K, committed 2048K, reserved 1048576K
Event: 4.542 GC heap after
Heap after GC invocations=1 (full 0):
 PSYoungGen      total 18944K, used 2537K [0x00000000eb200000, 0x00000000ec700000, 0x0000000100000000)
  eden space 16384K, 0% used [0x00000000eb200000,0x00000000eb200000,0x00000000ec200000)
  from space 2560K, 99% used [0x00000000ec200000,0x00000000ec47a5b8,0x00000000ec480000)
  to   space 2560K, 0% used [0x00000000ec480000,0x00000000ec480000,0x00000000ec700000)
 ParOldGen       total 44032K, used 2093K [0x00000000c1600000, 0x00000000c4100000, 0x00000000eb200000)
  object space 44032K, 4% used [0x00000000c1600000,0x00000000c180b450,0x00000000c4100000)
 Metaspace       used 14928K, capacity 15120K, committed 15360K, reserved 1062912K
  class space    used 1849K, capacity 1936K, committed 2048K, reserved 1048576K
}
Event: 5.582 GC heap before
{Heap before GC invocations=2 (full 0):
 PSYoungGen      total 18944K, used 18921K [0x00000000eb200000, 0x00000000ec700000, 0x0000000100000000)
  eden space 16384K, 100% used [0x00000000eb200000,0x00000000ec200000,0x00000000ec200000)
  from space 2560K, 99% used [0x00000000ec200000,0x00000000ec47a5b8,0x00000000ec480000)
  to   space 2560K, 0% used [0x00000000ec480000,0x00000000ec480000,0x00000000ec700000)
 ParOldGen       total 44032K, used 2093K [0x00000000c1600000, 0x00000000c4100000, 0x00000000eb200000)
  object space 44032K, 4% used [0x00000000c1600000,0x00000000c180b450,0x00000000c4100000)
 Metaspace       used 20872K, capacity 21046K, committed 21248K, reserved 1067008K
  class space    used 2683K, capacity 2755K, committed 2816K, reserved 1048576K
Event: 5.591 GC heap after
Heap after GC invocations=2 (full 0):
 PSYoungGen      total 18944K, used 2553K [0x00000000eb200000, 0x00000000ec700000, 0x0000000100000000)
  eden space 16384K, 0% used [0x00000000eb200000,0x00000000eb200000,0x00000000ec200000)
  from space 2560K, 99% used [0x00000000ec480000,0x00000000ec6fe5b8,0x00000000ec700000)
  to   space 2560K, 0% used [0x00000000ec200000,0x00000000ec200000,0x00000000ec480000)
 ParOldGen       total 44032K, used 6195K [0x00000000c1600000, 0x00000000c4100000, 0x00000000eb200000)
  object space 44032K, 14% used [0x00000000c1600000,0x00000000c1c0ccc0,0x00000000c4100000)
 Metaspace       used 20872K, capacity 21046K, committed 21248K, reserved 1067008K
  class space    used 2683K, capacity 2755K, committed 2816K, reserved 1048576K
}
Event: 5.605 GC heap before
{Heap before GC invocations=3 (full 0):
 PSYoungGen      total 18944K, used 3160K [0x00000000eb200000, 0x00000000ec700000, 0x0000000100000000)
  eden space 16384K, 3% used [0x00000000eb200000,0x00000000eb297b20,0x00000000ec200000)
  from space 2560K, 99% used [0x00000000ec480000,0x00000000ec6fe5b8,0x00000000ec700000)
  to   space 2560K, 0% used [0x00000000ec200000,0x00000000ec200000,0x00000000ec480000)
 ParOldGen       total 44032K, used 6195K [0x00000000c1600000, 0x00000000c4100000, 0x00000000eb200000)
  object space 44032K, 14% used [0x00000000c1600000,0x00000000c1c0ccc0,0x00000000c4100000)
 Metaspace       used 20896K, capacity 21046K, committed 21248K, reserved 1067008K
  class space    used 2684K, capacity 2755K, committed 2816K, reserved 1048576K
Event: 5.612 GC heap after
Heap after GC invocations=3 (full 0):
 PSYoungGen      total 18944K, used 2544K [0x00000000eb200000, 0x00000000ed700000, 0x0000000100000000)
  eden space 16384K, 0% used [0x00000000eb200000,0x00000000eb200000,0x00000000ec200000)
  from space 2560K, 99% used [0x00000000ec200000,0x00000000ec47c240,0x00000000ec480000)
  to   space 2560K, 0% used [0x00000000ed480000,0x00000000ed480000,0x00000000ed700000)
 ParOldGen       total 44032K, used 6387K [0x00000000c1600000, 0x00000000c4100000, 0x00000000eb200000)
  object space 44032K, 14% used [0x00000000c1600000,0x00000000c1c3ccd0,0x00000000c4100000)
 Metaspace       used 20896K, capacity 21046K, committed 21248K, reserved 1067008K
  class space    used 2684K, capacity 2755K, committed 2816K, reserved 1048576K
}
Event: 5.612 GC heap before
{Heap before GC invocations=4 (full 1):
 PSYoungGen      total 18944K, used 2544K [0x00000000eb200000, 0x00000000ed700000, 0x0000000100000000)
  eden space 16384K, 0% used [0x00000000eb200000,0x00000000eb200000,0x00000000ec200000)
  from space 2560K, 99% used [0x00000000ec200000,0x00000000ec47c240,0x00000000ec480000)
  to   space 2560K, 0% used [0x00000000ed480000,0x00000000ed480000,0x00000000ed700000)
 ParOldGen       total 44032K, used 6387K [0x00000000c1600000, 0x00000000c4100000, 0x00000000eb200000)
  object space 44032K, 14% used [0x00000000c1600000,0x00000000c1c3ccd0,0x00000000c4100000)
 Metaspace       used 20896K, capacity 21046K, committed 21248K, reserved 1067008K
  class space    used 2684K, capacity 2755K, committed 2816K, reserved 1048576K
Event: 5.694 GC heap after
Heap after GC invocations=4 (full 1):
 PSYoungGen      total 18944K, used 0K [0x00000000eb200000, 0x00000000ed700000, 0x0000000100000000)
  eden space 16384K, 0% used [0x00000000eb200000,0x00000000eb200000,0x00000000ec200000)
  from space 2560K, 0% used [0x00000000ec200000,0x00000000ec200000,0x00000000ec480000)
  to   space 2560K, 0% used [0x00000000ed480000,0x00000000ed480000,0x00000000ed700000)
 ParOldGen       total 31744K, used 8087K [0x00000000c1600000, 0x00000000c3500000, 0x00000000eb200000)
  object space 31744K, 25% used [0x00000000c1600000,0x00000000c1de5f50,0x00000000c3500000)
 Metaspace       used 20894K, capacity 21044K, committed 21248K, reserved 1067008K
  class space    used 2683K, capacity 2754K, committed 2816K, reserved 1048576K
}
Event: 6.031 GC heap before
{Heap before GC invocations=5 (full 1):
 PSYoungGen      total 18944K, used 16384K [0x00000000eb200000, 0x00000000ed700000, 0x0000000100000000)
  eden space 16384K, 100% used [0x00000000eb200000,0x00000000ec200000,0x00000000ec200000)
  from space 2560K, 0% used [0x00000000ec200000,0x00000000ec200000,0x00000000ec480000)
  to   space 2560K, 0% used [0x00000000ed480000,0x00000000ed480000,0x00000000ed700000)
 ParOldGen       total 31744K, used 8087K [0x00000000c1600000, 0x00000000c3500000, 0x00000000eb200000)
  object space 31744K, 25% used [0x00000000c1600000,0x00000000c1de5f50,0x00000000c3500000)
 Metaspace       used 25644K, capacity 25998K, committed 26368K, reserved 1073152K
  class space    used 3371K, capacity 3501K, committed 3584K, reserved 1048576K
Event: 6.035 GC heap after
Heap after GC invocations=5 (full 1):
 PSYoungGen      total 33280K, used 2485K [0x00000000eb200000, 0x00000000ed700000, 0x0000000100000000)
  eden space 30720K, 0% used [0x00000000eb200000,0x00000000eb200000,0x00000000ed000000)
  from space 2560K, 97% used [0x00000000ed480000,0x00000000ed6ed440,0x00000000ed700000)
  to   space 2560K, 0% used [0x00000000ed200000,0x00000000ed200000,0x00000000ed480000)
 ParOldGen       total 31744K, used 8095K [0x00000000c1600000, 0x00000000c3500000, 0x00000000eb200000)
  object space 31744K, 25% used [0x00000000c1600000,0x00000000c1de7f50,0x00000000c3500000)
 Metaspace       used 25644K, capacity 25998K, committed 26368K, reserved 1073152K
  class space    used 3371K, capacity 3501K, committed 3584K, reserved 1048576K
}

