# JRE version: Java(TM) SE Runtime Environment (8.0_20-b26) (build 1.8.0_20-b26)
# Java VM: Java HotSpot(TM) 64-Bit Server VM (25.20-b23 mixed mode windows-amd64 compressed oops)
Heap:
 PSYoungGen      total 35328K, used 7090K [0x00000000eb200000, 0x00000000eff00000, 0x0000000100000000)
  eden space 32768K, 13% used [0x00000000eb200000,0x00000000eb66fbf8,0x00000000ed200000)
  from space 2560K, 99% used [0x00000000ed200000,0x00000000ed47d000,0x00000000ed480000)
  to   space 8192K, 0% used [0x00000000ef700000,0x00000000ef700000,0x00000000eff00000)
 ParOldGen       total 30208K, used 10920K [0x00000000c1600000, 0x00000000c3380000, 0x00000000eb200000)
  object space 30208K, 36% used [0x00000000c1600000,0x00000000c20aa1e0,0x00000000c3380000)
 Metaspace       used 31492K, capacity 32172K, committed 32256K, reserved 1077248K
  class space    used 4155K, capacity 4328K, committed 4352K, reserved 1048576K
GC Heap History (10 events):
Event: 12.173 GC heap before
{Heap before GC invocations=2 (full 0):
 PSYoungGen      total 18944K, used 18937K [0x00000000eb200000, 0x00000000ec700000, 0x0000000100000000)
  eden space 16384K, 100% used [0x00000000eb200000,0x00000000ec200000,0x00000000ec200000)
  from space 2560K, 99% used [0x00000000ec200000,0x00000000ec47e5c8,0x00000000ec480000)
  to   space 2560K, 0% used [0x00000000ec480000,0x00000000ec480000,0x00000000ec700000)
 ParOldGen       total 44032K, used 2068K [0x00000000c1600000, 0x00000000c4100000, 0x00000000eb200000)
  object space 44032K, 4% used [0x00000000c1600000,0x00000000c18053c0,0x00000000c4100000)
 Metaspace       used 20859K, capacity 21050K, committed 21248K, reserved 1067008K
  class space    used 2681K, capacity 2755K, committed 2816K, reserved 1048576K
Event: 12.187 GC heap after
Heap after GC invocations=2 (full 0):
 PSYoungGen      total 18944K, used 2544K [0x00000000eb200000, 0x00000000ec700000, 0x0000000100000000)
  eden space 16384K, 0% used [0x00000000eb200000,0x00000000eb200000,0x00000000ec200000)
  from space 2560K, 99% used [0x00000000ec480000,0x00000000ec6fc020,0x00000000ec700000)
  to   space 2560K, 0% used [0x00000000ec200000,0x00000000ec200000,0x00000000ec480000)
 ParOldGen       total 44032K, used 6072K [0x00000000c1600000, 0x00000000c4100000, 0x00000000eb200000)
  object space 44032K, 13% used [0x00000000c1600000,0x00000000c1bee170,0x00000000c4100000)
 Metaspace       used 20859K, capacity 21050K, committed 21248K, reserved 1067008K
  class space    used 2681K, capacity 2755K, committed 2816K, reserved 1048576K
}
Event: 12.195 GC heap before
{Heap before GC invocations=3 (full 0):
 PSYoungGen      total 18944K, used 2819K [0x00000000eb200000, 0x00000000ec700000, 0x0000000100000000)
  eden space 16384K, 1% used [0x00000000eb200000,0x00000000eb244ec8,0x00000000ec200000)
  from space 2560K, 99% used [0x00000000ec480000,0x00000000ec6fc020,0x00000000ec700000)
  to   space 2560K, 0% used [0x00000000ec200000,0x00000000ec200000,0x00000000ec480000)
 ParOldGen       total 44032K, used 6072K [0x00000000c1600000, 0x00000000c4100000, 0x00000000eb200000)
  object space 44032K, 13% used [0x00000000c1600000,0x00000000c1bee170,0x00000000c4100000)
 Metaspace       used 20889K, capacity 21050K, committed 21248K, reserved 1067008K
  class space    used 2683K, capacity 2755K, committed 2816K, reserved 1048576K
Event: 12.200 GC heap after
Heap after GC invocations=3 (full 0):
 PSYoungGen      total 18944K, used 2553K [0x00000000eb200000, 0x00000000ed700000, 0x0000000100000000)
  eden space 16384K, 0% used [0x00000000eb200000,0x00000000eb200000,0x00000000ec200000)
  from space 2560K, 99% used [0x00000000ec200000,0x00000000ec47e5c8,0x00000000ec480000)
  to   space 2560K, 0% used [0x00000000ed480000,0x00000000ed480000,0x00000000ed700000)
 ParOldGen       total 44032K, used 6128K [0x00000000c1600000, 0x00000000c4100000, 0x00000000eb200000)
  object space 44032K, 13% used [0x00000000c1600000,0x00000000c1bfc170,0x00000000c4100000)
 Metaspace       used 20889K, capacity 21050K, committed 21248K, reserved 1067008K
  class space    used 2683K, capacity 2755K, committed 2816K, reserved 1048576K
}
Event: 12.200 GC heap before
{Heap before GC invocations=4 (full 1):
 PSYoungGen      total 18944K, used 2553K [0x00000000eb200000, 0x00000000ed700000, 0x0000000100000000)
  eden space 16384K, 0% used [0x00000000eb200000,0x00000000eb200000,0x00000000ec200000)
  from space 2560K, 99% used [0x00000000ec200000,0x00000000ec47e5c8,0x00000000ec480000)
  to   space 2560K, 0% used [0x00000000ed480000,0x00000000ed480000,0x00000000ed700000)
 ParOldGen       total 44032K, used 6128K [0x00000000c1600000, 0x00000000c4100000, 0x00000000eb200000)
  object space 44032K, 13% used [0x00000000c1600000,0x00000000c1bfc170,0x00000000c4100000)
 Metaspace       used 20889K, capacity 21050K, committed 21248K, reserved 1067008K
  class space    used 2683K, capacity 2755K, committed 2816K, reserved 1048576K
Event: 12.266 GC heap after
Heap after GC invocations=4 (full 1):
 PSYoungGen      total 18944K, used 0K [0x00000000eb200000, 0x00000000ed700000, 0x0000000100000000)
  eden space 16384K, 0% used [0x00000000eb200000,0x00000000eb200000,0x00000000ec200000)
  from space 2560K, 0% used [0x00000000ec200000,0x00000000ec200000,0x00000000ec480000)
  to   space 2560K, 0% used [0x00000000ed480000,0x00000000ed480000,0x00000000ed700000)
 ParOldGen       total 30208K, used 7472K [0x00000000c1600000, 0x00000000c3380000, 0x00000000eb200000)
  object space 30208K, 24% used [0x00000000c1600000,0x00000000c1d4c370,0x00000000c3380000)
 Metaspace       used 20887K, capacity 21048K, committed 21248K, reserved 1067008K
  class space    used 2682K, capacity 2754K, committed 2816K, reserved 1048576K
}
Event: 13.399 GC heap before
{Heap before GC invocations=5 (full 1):
 PSYoungGen      total 18944K, used 16384K [0x00000000eb200000, 0x00000000ed700000, 0x0000000100000000)
  eden space 16384K, 100% used [0x00000000eb200000,0x00000000ec200000,0x00000000ec200000)
  from space 2560K, 0% used [0x00000000ec200000,0x00000000ec200000,0x00000000ec480000)
  to   space 2560K, 0% used [0x00000000ed480000,0x00000000ed480000,0x00000000ed700000)
 ParOldGen       total 30208K, used 7472K [0x00000000c1600000, 0x00000000c3380000, 0x00000000eb200000)
  object space 30208K, 24% used [0x00000000c1600000,0x00000000c1d4c370,0x00000000c3380000)
 Metaspace       used 25950K, capacity 26294K, committed 26624K, reserved 1073152K
  class space    used 3423K, capacity 3535K, committed 3584K, reserved 1048576K
Event: 13.407 GC heap after
Heap after GC invocations=5 (full 1):
 PSYoungGen      total 34816K, used 2558K [0x00000000eb200000, 0x00000000ed700000, 0x0000000100000000)
  eden space 32256K, 0% used [0x00000000eb200000,0x00000000eb200000,0x00000000ed180000)
  from space 2560K, 99% used [0x00000000ed480000,0x00000000ed6ffaf0,0x00000000ed700000)
  to   space 2560K, 0% used [0x00000000ed200000,0x00000000ed200000,0x00000000ed480000)
 ParOldGen       total 30208K, used 7539K [0x00000000c1600000, 0x00000000c3380000, 0x00000000eb200000)
  object space 30208K, 24% used [0x00000000c1600000,0x00000000c1d5cf10,0x00000000c3380000)
 Metaspace       used 25950K, capacity 26294K, committed 26624K, reserved 1073152K
  class space    used 3423K, capacity 3535K, committed 3584K, reserved 1048576K
}
Event: 34.995 GC heap before
{Heap before GC invocations=6 (full 1):
 PSYoungGen      total 34816K, used 34814K [0x00000000eb200000, 0x00000000ed700000, 0x0000000100000000)
  eden space 32256K, 100% used [0x00000000eb200000,0x00000000ed180000,0x00000000ed180000)
  from space 2560K, 99% used [0x00000000ed480000,0x00000000ed6ffaf0,0x00000000ed700000)
  to   space 2560K, 0% used [0x00000000ed200000,0x00000000ed200000,0x00000000ed480000)
 ParOldGen       total 30208K, used 7539K [0x00000000c1600000, 0x00000000c3380000, 0x00000000eb200000)
  object space 30208K, 24% used [0x00000000c1600000,0x00000000c1d5cf10,0x00000000c3380000)
 Metaspace       used 31417K, capacity 32044K, committed 32256K, reserved 1077248K
  class space    used 4155K, capacity 4328K, committed 4352K, reserved 1048576K
Event: 35.018 GC heap after
Heap after GC invocations=6 (full 1):
 PSYoungGen      total 35328K, used 2548K [0x00000000eb200000, 0x00000000eff00000, 0x0000000100000000)
  eden space 32768K, 0% used [0x00000000eb200000,0x00000000eb200000,0x00000000ed200000)
  from space 2560K, 99% used [0x00000000ed200000,0x00000000ed47d000,0x00000000ed480000)
  to   space 8192K, 0% used [0x00000000ef700000,0x00000000ef700000,0x00000000eff00000)
 ParOldGen       total 30208K, used 10920K [0x00000000c1600000, 0x00000000c3380000, 0x00000000eb200000)
  object space 30208K, 36% used [0x00000000c1600000,0x00000000c20aa1e0,0x00000000c3380000)
 Metaspace       used 31417K, capacity 32044K, committed 32256K, reserved 1077248K
  class space    used 4155K, capacity 4328K, committed 4352K, reserved 1048576K
}

