# JRE version: Java(TM) SE Runtime Environment (8.0_25-b18) (build 1.8.0_25-b18)
# Java VM: Java HotSpot(TM) Client VM (25.25-b02 mixed mode, sharing windows-x86 )
Heap:
 def new generation   total 8064K, used 5052K [0x03c00000, 0x044b0000, 0x09150000)
  eden space 7232K,  66% used [0x03c00000, 0x040b3028, 0x04310000)
  from space 832K,  28% used [0x043e0000, 0x0441c048, 0x044b0000)
  to   space 832K,   0% used [0x04310000, 0x04310000, 0x043e0000)
 tenured generation   total 17732K, used 11173K [0x09150000, 0x0a2a1000, 0x13c00000)
   the space 17732K,  63% used [0x09150000, 0x09c396f0, 0x09c39800, 0x0a2a1000)
 Metaspace       used 10757K, capacity 11254K, committed 11264K, reserved 11648K
GC Heap History (10 events):
Event: 51.521 GC heap before
{Heap before GC invocations=19 (full 1):
 def new generation   total 8064K, used 7465K [0x03c00000, 0x044b0000, 0x09150000)
  eden space 7232K, 100% used [0x03c00000, 0x04310000, 0x04310000)
  from space 832K,  28% used [0x04310000, 0x0434a798, 0x043e0000)
  to   space 832K,   0% used [0x043e0000, 0x043e0000, 0x044b0000)
 tenured generation   total 17732K, used 11173K [0x09150000, 0x0a2a1000, 0x13c00000)
   the space 17732K,  63% used [0x09150000, 0x09c396f0, 0x09c39800, 0x0a2a1000)
 Metaspace       used 10692K, capacity 11190K, committed 11264K, reserved 11648K
Event: 51.525 GC heap after
Heap after GC invocations=20 (full 1):
 def new generation   total 8064K, used 229K [0x03c00000, 0x044b0000, 0x09150000)
  eden space 7232K,   0% used [0x03c00000, 0x03c00000, 0x04310000)
  from space 832K,  27% used [0x043e0000, 0x04419428, 0x044b0000)
  to   space 832K,   0% used [0x04310000, 0x04310000, 0x043e0000)
 tenured generation   total 17732K, used 11173K [0x09150000, 0x0a2a1000, 0x13c00000)
   the space 17732K,  63% used [0x09150000, 0x09c396f0, 0x09c39800, 0x0a2a1000)
 Metaspace       used 10692K, capacity 11190K, committed 11264K, reserved 11648K
}
Event: 51.590 GC heap before
{Heap before GC invocations=20 (full 1):
 def new generation   total 8064K, used 7461K [0x03c00000, 0x044b0000, 0x09150000)
  eden space 7232K, 100% used [0x03c00000, 0x04310000, 0x04310000)
  from space 832K,  27% used [0x043e0000, 0x04419428, 0x044b0000)
  to   space 832K,   0% used [0x04310000, 0x04310000, 0x043e0000)
 tenured generation   total 17732K, used 11173K [0x09150000, 0x0a2a1000, 0x13c00000)
   the space 17732K,  63% used [0x09150000, 0x09c396f0, 0x09c39800, 0x0a2a1000)
 Metaspace       used 10692K, capacity 11190K, committed 11264K, reserved 11648K
Event: 51.593 GC heap after
Heap after GC invocations=21 (full 1):
 def new generation   total 8064K, used 244K [0x03c00000, 0x044b0000, 0x09150000)
  eden space 7232K,   0% used [0x03c00000, 0x03c00000, 0x04310000)
  from space 832K,  29% used [0x04310000, 0x0434d2d0, 0x043e0000)
  to   space 832K,   0% used [0x043e0000, 0x043e0000, 0x044b0000)
 tenured generation   total 17732K, used 11173K [0x09150000, 0x0a2a1000, 0x13c00000)
   the space 17732K,  63% used [0x09150000, 0x09c396f0, 0x09c39800, 0x0a2a1000)
 Metaspace       used 10692K, capacity 11190K, committed 11264K, reserved 11648K
}
Event: 51.631 GC heap before
{Heap before GC invocations=21 (full 1):
 def new generation   total 8064K, used 7476K [0x03c00000, 0x044b0000, 0x09150000)
  eden space 7232K, 100% used [0x03c00000, 0x04310000, 0x04310000)
  from space 832K,  29% used [0x04310000, 0x0434d2d0, 0x043e0000)
  to   space 832K,   0% used [0x043e0000, 0x043e0000, 0x044b0000)
 tenured generation   total 17732K, used 11173K [0x09150000, 0x0a2a1000, 0x13c00000)
   the space 17732K,  63% used [0x09150000, 0x09c396f0, 0x09c39800, 0x0a2a1000)
 Metaspace       used 10692K, capacity 11190K, committed 11264K, reserved 11648K
Event: 51.634 GC heap after
Heap after GC invocations=22 (full 1):
 def new generation   total 8064K, used 245K [0x03c00000, 0x044b0000, 0x09150000)
  eden space 7232K,   0% used [0x03c00000, 0x03c00000, 0x04310000)
  from space 832K,  29% used [0x043e0000, 0x0441d670, 0x044b0000)
  to   space 832K,   0% used [0x04310000, 0x04310000, 0x043e0000)
 tenured generation   total 17732K, used 11173K [0x09150000, 0x0a2a1000, 0x13c00000)
   the space 17732K,  63% used [0x09150000, 0x09c396f0, 0x09c39800, 0x0a2a1000)
 Metaspace       used 10692K, capacity 11190K, committed 11264K, reserved 11648K
}
Event: 51.680 GC heap before
{Heap before GC invocations=22 (full 1):
 def new generation   total 8064K, used 7477K [0x03c00000, 0x044b0000, 0x09150000)
  eden space 7232K, 100% used [0x03c00000, 0x04310000, 0x04310000)
  from space 832K,  29% used [0x043e0000, 0x0441d670, 0x044b0000)
  to   space 832K,   0% used [0x04310000, 0x04310000, 0x043e0000)
 tenured generation   total 17732K, used 11173K [0x09150000, 0x0a2a1000, 0x13c00000)
   the space 17732K,  63% used [0x09150000, 0x09c396f0, 0x09c39800, 0x0a2a1000)
 Metaspace       used 10692K, capacity 11190K, committed 11264K, reserved 11648K
Event: 51.683 GC heap after
Heap after GC invocations=23 (full 1):
 def new generation   total 8064K, used 229K [0x03c00000, 0x044b0000, 0x09150000)
  eden space 7232K,   0% used [0x03c00000, 0x03c00000, 0x04310000)
  from space 832K,  27% used [0x04310000, 0x04349708, 0x043e0000)
  to   space 832K,   0% used [0x043e0000, 0x043e0000, 0x044b0000)
 tenured generation   total 17732K, used 11173K [0x09150000, 0x0a2a1000, 0x13c00000)
   the space 17732K,  63% used [0x09150000, 0x09c396f0, 0x09c39800, 0x0a2a1000)
 Metaspace       used 10692K, capacity 11190K, committed 11264K, reserved 11648K
}
Event: 57.138 GC heap before
{Heap before GC invocations=23 (full 1):
 def new generation   total 8064K, used 7461K [0x03c00000, 0x044b0000, 0x09150000)
  eden space 7232K, 100% used [0x03c00000, 0x04310000, 0x04310000)
  from space 832K,  27% used [0x04310000, 0x04349708, 0x043e0000)
  to   space 832K,   0% used [0x043e0000, 0x043e0000, 0x044b0000)
 tenured generation   total 17732K, used 11173K [0x09150000, 0x0a2a1000, 0x13c00000)
   the space 17732K,  63% used [0x09150000, 0x09c396f0, 0x09c39800, 0x0a2a1000)
 Metaspace       used 10692K, capacity 11190K, committed 11264K, reserved 11648K
Event: 57.142 GC heap after
Heap after GC invocations=24 (full 1):
 def new generation   total 8064K, used 240K [0x03c00000, 0x044b0000, 0x09150000)
  eden space 7232K,   0% used [0x03c00000, 0x03c00000, 0x04310000)
  from space 832K,  28% used [0x043e0000, 0x0441c048, 0x044b0000)
  to   space 832K,   0% used [0x04310000, 0x04310000, 0x043e0000)
 tenured generation   total 17732K, used 11173K [0x09150000, 0x0a2a1000, 0x13c00000)
   the space 17732K,  63% used [0x09150000, 0x09c396f0, 0x09c39800, 0x0a2a1000)
 Metaspace       used 10692K, capacity 11190K, committed 11264K, reserved 11648K
}

