# JRE version: Java(TM) SE Runtime Environment (8.0_25-b18) (build 1.8.0_25-b18)
# Java VM: Java HotSpot(TM) Client VM (25.25-b02 mixed mode, sharing windows-x86 )
Heap:
 def new generation   total 7936K, used 3824K [0x03a00000, 0x04290000, 0x08f50000)
  eden space 7104K,  51% used [0x03a00000, 0x03d95bd0, 0x040f0000)
  from space 832K,  18% used [0x041c0000, 0x041e6520, 0x04290000)
  to   space 832K,   0% used [0x040f0000, 0x040f0000, 0x041c0000)
 tenured generation   total 17456K, used 11122K [0x08f50000, 0x0a05c000, 0x13a00000)
   the space 17456K,  63% used [0x08f50000, 0x09a2c880, 0x09a2ca00, 0x0a05c000)
 Metaspace       used 10546K, capacity 11019K, committed 11136K, reserved 11648K
GC Heap History (10 events):
Event: 19.122 GC heap before
{Heap before GC invocations=25 (full 1):
 def new generation   total 7936K, used 7321K [0x03a00000, 0x04290000, 0x08f50000)
  eden space 7104K, 100% used [0x03a00000, 0x040f0000, 0x040f0000)
  from space 832K,  26% used [0x040f0000, 0x041267b0, 0x041c0000)
  to   space 832K,   0% used [0x041c0000, 0x041c0000, 0x04290000)
 tenured generation   total 17456K, used 11035K [0x08f50000, 0x0a05c000, 0x13a00000)
   the space 17456K,  63% used [0x08f50000, 0x09a16ca0, 0x09a16e00, 0x0a05c000)
 Metaspace       used 10483K, capacity 10962K, committed 11008K, reserved 11648K
Event: 19.128 GC heap after
Heap after GC invocations=26 (full 1):
 def new generation   total 7936K, used 218K [0x03a00000, 0x04290000, 0x08f50000)
  eden space 7104K,   0% used [0x03a00000, 0x03a00000, 0x040f0000)
  from space 832K,  26% used [0x041c0000, 0x041f6958, 0x04290000)
  to   space 832K,   0% used [0x040f0000, 0x040f0000, 0x041c0000)
 tenured generation   total 17456K, used 11035K [0x08f50000, 0x0a05c000, 0x13a00000)
   the space 17456K,  63% used [0x08f50000, 0x09a16ca0, 0x09a16e00, 0x0a05c000)
 Metaspace       used 10483K, capacity 10962K, committed 11008K, reserved 11648K
}
Event: 19.903 GC heap before
{Heap before GC invocations=26 (full 1):
 def new generation   total 7936K, used 7322K [0x03a00000, 0x04290000, 0x08f50000)
  eden space 7104K, 100% used [0x03a00000, 0x040f0000, 0x040f0000)
  from space 832K,  26% used [0x041c0000, 0x041f6958, 0x04290000)
  to   space 832K,   0% used [0x040f0000, 0x040f0000, 0x041c0000)
 tenured generation   total 17456K, used 11035K [0x08f50000, 0x0a05c000, 0x13a00000)
   the space 17456K,  63% used [0x08f50000, 0x09a16ca0, 0x09a16e00, 0x0a05c000)
 Metaspace       used 10483K, capacity 10962K, committed 11008K, reserved 11648K
Event: 19.906 GC heap after
Heap after GC invocations=27 (full 1):
 def new generation   total 7936K, used 227K [0x03a00000, 0x04290000, 0x08f50000)
  eden space 7104K,   0% used [0x03a00000, 0x03a00000, 0x040f0000)
  from space 832K,  27% used [0x040f0000, 0x04128ca0, 0x041c0000)
  to   space 832K,   0% used [0x041c0000, 0x041c0000, 0x04290000)
 tenured generation   total 17456K, used 11035K [0x08f50000, 0x0a05c000, 0x13a00000)
   the space 17456K,  63% used [0x08f50000, 0x09a16ca0, 0x09a16e00, 0x0a05c000)
 Metaspace       used 10483K, capacity 10962K, committed 11008K, reserved 11648K
}
Event: 20.838 GC heap before
{Heap before GC invocations=27 (full 1):
 def new generation   total 7936K, used 7331K [0x03a00000, 0x04290000, 0x08f50000)
  eden space 7104K, 100% used [0x03a00000, 0x040f0000, 0x040f0000)
  from space 832K,  27% used [0x040f0000, 0x04128ca0, 0x041c0000)
  to   space 832K,   0% used [0x041c0000, 0x041c0000, 0x04290000)
 tenured generation   total 17456K, used 11035K [0x08f50000, 0x0a05c000, 0x13a00000)
   the space 17456K,  63% used [0x08f50000, 0x09a16ca0, 0x09a16e00, 0x0a05c000)
 Metaspace       used 10483K, capacity 10962K, committed 11008K, reserved 11648K
Event: 20.845 GC heap after
Heap after GC invocations=28 (full 1):
 def new generation   total 7936K, used 232K [0x03a00000, 0x04290000, 0x08f50000)
  eden space 7104K,   0% used [0x03a00000, 0x03a00000, 0x040f0000)
  from space 832K,  27% used [0x041c0000, 0x041fa090, 0x04290000)
  to   space 832K,   0% used [0x040f0000, 0x040f0000, 0x041c0000)
 tenured generation   total 17456K, used 11035K [0x08f50000, 0x0a05c000, 0x13a00000)
   the space 17456K,  63% used [0x08f50000, 0x09a16ca0, 0x09a16e00, 0x0a05c000)
 Metaspace       used 10483K, capacity 10962K, committed 11008K, reserved 11648K
}
Event: 21.534 GC heap before
{Heap before GC invocations=28 (full 1):
 def new generation   total 7936K, used 7335K [0x03a00000, 0x04290000, 0x08f50000)
  eden space 7104K,  99% used [0x03a00000, 0x040efbf8, 0x040f0000)
  from space 832K,  27% used [0x041c0000, 0x041fa090, 0x04290000)
  to   space 832K,   0% used [0x040f0000, 0x040f0000, 0x041c0000)
 tenured generation   total 17456K, used 11035K [0x08f50000, 0x0a05c000, 0x13a00000)
   the space 17456K,  63% used [0x08f50000, 0x09a16ca0, 0x09a16e00, 0x0a05c000)
 Metaspace       used 10483K, capacity 10962K, committed 11008K, reserved 11648K
Event: 21.543 GC heap after
Heap after GC invocations=29 (full 1):
 def new generation   total 7936K, used 224K [0x03a00000, 0x04290000, 0x08f50000)
  eden space 7104K,   0% used [0x03a00000, 0x03a00000, 0x040f0000)
  from space 832K,  26% used [0x040f0000, 0x04128100, 0x041c0000)
  to   space 832K,   0% used [0x041c0000, 0x041c0000, 0x04290000)
 tenured generation   total 17456K, used 11035K [0x08f50000, 0x0a05c000, 0x13a00000)
   the space 17456K,  63% used [0x08f50000, 0x09a16ca0, 0x09a16e00, 0x0a05c000)
 Metaspace       used 10483K, capacity 10962K, committed 11008K, reserved 11648K
}
Event: 22.187 GC heap before
{Heap before GC invocations=29 (full 1):
 def new generation   total 7936K, used 7328K [0x03a00000, 0x04290000, 0x08f50000)
  eden space 7104K, 100% used [0x03a00000, 0x040f0000, 0x040f0000)
  from space 832K,  26% used [0x040f0000, 0x04128100, 0x041c0000)
  to   space 832K,   0% used [0x041c0000, 0x041c0000, 0x04290000)
 tenured generation   total 17456K, used 11035K [0x08f50000, 0x0a05c000, 0x13a00000)
   the space 17456K,  63% used [0x08f50000, 0x09a16ca0, 0x09a16e00, 0x0a05c000)
 Metaspace       used 10537K, capacity 11017K, committed 11136K, reserved 11648K
Event: 22.190 GC heap after
Heap after GC invocations=30 (full 1):
 def new generation   total 7936K, used 153K [0x03a00000, 0x04290000, 0x08f50000)
  eden space 7104K,   0% used [0x03a00000, 0x03a00000, 0x040f0000)
  from space 832K,  18% used [0x041c0000, 0x041e6520, 0x04290000)
  to   space 832K,   0% used [0x040f0000, 0x040f0000, 0x041c0000)
 tenured generation   total 17456K, used 11122K [0x08f50000, 0x0a05c000, 0x13a00000)
   the space 17456K,  63% used [0x08f50000, 0x09a2c880, 0x09a2ca00, 0x0a05c000)
 Metaspace       used 10537K, capacity 11017K, committed 11136K, reserved 11648K
}

